<?xml version="1.0" encoding="UTF-8"?>
<!-- Generated by org.testng.reporters.JUnitReportReporter -->
<testsuite hostname="DESKTOP-7MVKVCH" failures="0" tests="1" name="testCases.TC001_AccountRegistrationTest" time="2.805" errors="0" timestamp="2025-03-22T22:32:03 IST" skipped="0">
  <testcase classname="testCases.TC001_AccountRegistrationTest" name="verify_Account_Registration" time="2.805"/>
</testsuite> <!-- testCases.TC001_AccountRegistrationTest -->
