<?xml version="1.0" encoding="UTF-8"?>
<!-- Generated by org.testng.reporters.JUnitReportReporter -->
<testsuite hostname="DESKTOP-7MVKVCH" failures="0" tests="1" name="testCases.TC002_LoginTest" time="1.627" errors="0" timestamp="2025-03-22T22:32:03 IST" skipped="0">
  <testcase classname="testCases.TC002_LoginTest" name="verify_login" time="1.627"/>
</testsuite> <!-- testCases.TC002_LoginTest -->
