<?xml version="1.0" encoding="UTF-8"?>
<!-- Generated by org.testng.reporters.JUnitReportReporter -->
<testsuite hostname="DESKTOP-7MVKVCH" failures="0" tests="1" name="testCases.AccountRegistrationTest" time="2.193" errors="0" timestamp="2025-02-22T17:49:52 IST" skipped="0">
  <testcase classname="testCases.AccountRegistrationTest" name="verify_Account_Registration" time="2.193"/>
</testsuite> <!-- testCases.AccountRegistrationTest -->
