<?xml version="1.0" encoding="UTF-8"?>
<!-- Generated by org.testng.reporters.JUnitReportReporter -->
<testsuite hostname="DESKTOP-7MVKVCH" failures="0" tests="3" name="testCases.TC003_LoginDDT" time="24.381" errors="0" timestamp="2025-02-24T18:48:30 IST" skipped="0">
  <testcase classname="testCases.TC003_LoginDDT" name="verify_LoginDDT" time="11.350"/>
  <testcase classname="testCases.TC003_LoginDDT" name="verify_LoginDDT" time="11.161"/>
  <testcase classname="testCases.TC003_LoginDDT" name="verify_LoginDDT" time="1.870"/>
</testsuite> <!-- testCases.TC003_LoginDDT -->
