<?xml version="1.0" encoding="UTF-8"?>
<!-- Generated by org.testng.reporters.JUnitReportReporter -->
<testsuite hostname="DESKTOP-7MVKVCH" failures="0" tests="1" name="testCases.TC001_AccountRegistrationTest" time="2.516" errors="0" timestamp="2025-02-27T18:31:30 IST" skipped="0">
  <testcase classname="testCases.TC001_AccountRegistrationTest" name="verify_Account_Registration" time="2.516"/>
</testsuite> <!-- testCases.TC001_AccountRegistrationTest -->
